Determining size of unsigned __int16 failed with the following output:
Change Dir: /mnt/c/Users/ndebe/Desktop/MscEng/aru_sil_core-feature-navigation-ros2_teach_repeat/glog/build/CMakeFiles/CMakeTmp

Run Build Command(s):/usr/bin/gmake -f Makefile cmTC_4adad/fast && /usr/bin/gmake  -f CMakeFiles/cmTC_4adad.dir/build.make CMakeFiles/cmTC_4adad.dir/build
gmake[1]: Entering directory '/mnt/c/Users/ndebe/Desktop/MscEng/aru_sil_core-feature-navigation-ros2_teach_repeat/glog/build/CMakeFiles/CMakeTmp'
Building CXX object CMakeFiles/cmTC_4adad.dir/HAVE___UINT16.cpp.o
/usr/bin/c++    -o CMakeFiles/cmTC_4adad.dir/HAVE___UINT16.cpp.o -c /mnt/c/Users/ndebe/Desktop/MscEng/aru_sil_core-feature-navigation-ros2_teach_repeat/glog/build/CMakeFiles/CheckTypeSize/HAVE___UINT16.cpp
/mnt/c/Users/ndebe/Desktop/MscEng/aru_sil_core-feature-navigation-ros2_teach_repeat/glog/build/CMakeFiles/CheckTypeSize/HAVE___UINT16.cpp:27:22: error: expected primary-expression before ‘unsigned’
   27 | #define SIZE (sizeof(unsigned __int16))
      |                      ^~~~~~~~
/mnt/c/Users/ndebe/Desktop/MscEng/aru_sil_core-feature-navigation-ros2_teach_repeat/glog/build/CMakeFiles/CheckTypeSize/HAVE___UINT16.cpp:29:12: note: in expansion of macro ‘SIZE’
   29 |   ('0' + ((SIZE / 10000)%10)),
      |            ^~~~
/mnt/c/Users/ndebe/Desktop/MscEng/aru_sil_core-feature-navigation-ros2_teach_repeat/glog/build/CMakeFiles/CheckTypeSize/HAVE___UINT16.cpp:27:22: error: expected ‘)’ before ‘unsigned’
   27 | #define SIZE (sizeof(unsigned __int16))
      |                     ~^~~~~~~~
/mnt/c/Users/ndebe/Desktop/MscEng/aru_sil_core-feature-navigation-ros2_teach_repeat/glog/build/CMakeFiles/CheckTypeSize/HAVE___UINT16.cpp:29:12: note: in expansion of macro ‘SIZE’
   29 |   ('0' + ((SIZE / 10000)%10)),
      |            ^~~~
/mnt/c/Users/ndebe/Desktop/MscEng/aru_sil_core-feature-navigation-ros2_teach_repeat/glog/build/CMakeFiles/CheckTypeSize/HAVE___UINT16.cpp:38:7: error: expected ‘)’ before ‘}’ token
   38 |   '\0'};
      |       ^
      |       )
/mnt/c/Users/ndebe/Desktop/MscEng/aru_sil_core-feature-navigation-ros2_teach_repeat/glog/build/CMakeFiles/CheckTypeSize/HAVE___UINT16.cpp:27:14: note: to match this ‘(’
   27 | #define SIZE (sizeof(unsigned __int16))
      |              ^
/mnt/c/Users/ndebe/Desktop/MscEng/aru_sil_core-feature-navigation-ros2_teach_repeat/glog/build/CMakeFiles/CheckTypeSize/HAVE___UINT16.cpp:29:12: note: in expansion of macro ‘SIZE’
   29 |   ('0' + ((SIZE / 10000)%10)),
      |            ^~~~
/mnt/c/Users/ndebe/Desktop/MscEng/aru_sil_core-feature-navigation-ros2_teach_repeat/glog/build/CMakeFiles/CheckTypeSize/HAVE___UINT16.cpp:38:7: error: expected ‘)’ before ‘}’ token
   38 |   '\0'};
      |       ^
      |       )
/mnt/c/Users/ndebe/Desktop/MscEng/aru_sil_core-feature-navigation-ros2_teach_repeat/glog/build/CMakeFiles/CheckTypeSize/HAVE___UINT16.cpp:29:11: note: to match this ‘(’
   29 |   ('0' + ((SIZE / 10000)%10)),
      |           ^
/mnt/c/Users/ndebe/Desktop/MscEng/aru_sil_core-feature-navigation-ros2_teach_repeat/glog/build/CMakeFiles/CheckTypeSize/HAVE___UINT16.cpp:38:7: error: expected ‘)’ before ‘}’ token
   38 |   '\0'};
      |       ^
      |       )
/mnt/c/Users/ndebe/Desktop/MscEng/aru_sil_core-feature-navigation-ros2_teach_repeat/glog/build/CMakeFiles/CheckTypeSize/HAVE___UINT16.cpp:29:10: note: to match this ‘(’
   29 |   ('0' + ((SIZE / 10000)%10)),
      |          ^
/mnt/c/Users/ndebe/Desktop/MscEng/aru_sil_core-feature-navigation-ros2_teach_repeat/glog/build/CMakeFiles/CheckTypeSize/HAVE___UINT16.cpp:38:7: error: expected ‘)’ before ‘}’ token
   38 |   '\0'};
      |       ^
      |       )
/mnt/c/Users/ndebe/Desktop/MscEng/aru_sil_core-feature-navigation-ros2_teach_repeat/glog/build/CMakeFiles/CheckTypeSize/HAVE___UINT16.cpp:29:3: note: to match this ‘(’
   29 |   ('0' + ((SIZE / 10000)%10)),
      |   ^
gmake[1]: *** [CMakeFiles/cmTC_4adad.dir/build.make:78: CMakeFiles/cmTC_4adad.dir/HAVE___UINT16.cpp.o] Error 1
gmake[1]: Leaving directory '/mnt/c/Users/ndebe/Desktop/MscEng/aru_sil_core-feature-navigation-ros2_teach_repeat/glog/build/CMakeFiles/CMakeTmp'
gmake: *** [Makefile:127: cmTC_4adad/fast] Error 2


/mnt/c/Users/ndebe/Desktop/MscEng/aru_sil_core-feature-navigation-ros2_teach_repeat/glog/build/CMakeFiles/CheckTypeSize/HAVE___UINT16.cpp:
#include <sys/types.h>
#include <stdint.h>
#include <stddef.h>


#undef KEY
#if defined(__i386)
# define KEY '_','_','i','3','8','6'
#elif defined(__x86_64)
# define KEY '_','_','x','8','6','_','6','4'
#elif defined(__PPC64__)
# define KEY '_','_','P','P','C','6','4','_','_'
#elif defined(__ppc64__)
# define KEY '_','_','p','p','c','6','4','_','_'
#elif defined(__PPC__)
# define KEY '_','_','P','P','C','_','_'
#elif defined(__ppc__)
# define KEY '_','_','p','p','c','_','_'
#elif defined(__aarch64__)
# define KEY '_','_','a','a','r','c','h','6','4','_','_'
#elif defined(__ARM_ARCH_7A__)
# define KEY '_','_','A','R','M','_','A','R','C','H','_','7','A','_','_'
#elif defined(__ARM_ARCH_7S__)
# define KEY '_','_','A','R','M','_','A','R','C','H','_','7','S','_','_'
#endif

#define SIZE (sizeof(unsigned __int16))
static char info_size[] =  {'I', 'N', 'F', 'O', ':', 's','i','z','e','[',
  ('0' + ((SIZE / 10000)%10)),
  ('0' + ((SIZE / 1000)%10)),
  ('0' + ((SIZE / 100)%10)),
  ('0' + ((SIZE / 10)%10)),
  ('0' +  (SIZE    % 10)),
  ']',
#ifdef KEY
  ' ','k','e','y','[', KEY, ']',
#endif
  '\0'};

#ifdef __CLASSIC_C__
int main(argc, argv) int argc; char *argv[];
#else
int main(int argc, char *argv[])
#endif
{
  int require = 0;
  require += info_size[argc];
  (void)argv;
  return require;
}


Performing C++ SOURCE FILE Test HAVE_NO_UNNAMED_TYPE_TEMPLATE_ARGS failed with the following output:
Change Dir: /mnt/c/Users/ndebe/Desktop/MscEng/aru_sil_core-feature-navigation-ros2_teach_repeat/glog/build/CMakeFiles/CMakeTmp

Run Build Command(s):/usr/bin/gmake -f Makefile cmTC_9538d/fast && /usr/bin/gmake  -f CMakeFiles/cmTC_9538d.dir/build.make CMakeFiles/cmTC_9538d.dir/build
gmake[1]: Entering directory '/mnt/c/Users/ndebe/Desktop/MscEng/aru_sil_core-feature-navigation-ros2_teach_repeat/glog/build/CMakeFiles/CMakeTmp'
Building CXX object CMakeFiles/cmTC_9538d.dir/src.cxx.o
/usr/bin/c++ -DHAVE_NO_UNNAMED_TYPE_TEMPLATE_ARGS  -Wunnamed-type-template-args -o CMakeFiles/cmTC_9538d.dir/src.cxx.o -c /mnt/c/Users/ndebe/Desktop/MscEng/aru_sil_core-feature-navigation-ros2_teach_repeat/glog/build/CMakeFiles/CMakeTmp/src.cxx
c++: error: unrecognized command-line option '-Wunnamed-type-template-args'
gmake[1]: *** [CMakeFiles/cmTC_9538d.dir/build.make:78: CMakeFiles/cmTC_9538d.dir/src.cxx.o] Error 1
gmake[1]: Leaving directory '/mnt/c/Users/ndebe/Desktop/MscEng/aru_sil_core-feature-navigation-ros2_teach_repeat/glog/build/CMakeFiles/CMakeTmp'
gmake: *** [Makefile:127: cmTC_9538d/fast] Error 2


Source file was:
int main() { return 0; }
Determining if the function UnDecorateSymbolName exists in the dbghelp failed with the following output:
Change Dir: /mnt/c/Users/ndebe/Desktop/MscEng/aru_sil_core-feature-navigation-ros2_teach_repeat/glog/build/CMakeFiles/CMakeTmp

Run Build Command(s):/usr/bin/gmake -f Makefile cmTC_469d3/fast && /usr/bin/gmake  -f CMakeFiles/cmTC_469d3.dir/build.make CMakeFiles/cmTC_469d3.dir/build
gmake[1]: Entering directory '/mnt/c/Users/ndebe/Desktop/MscEng/aru_sil_core-feature-navigation-ros2_teach_repeat/glog/build/CMakeFiles/CMakeTmp'
Building CXX object CMakeFiles/cmTC_469d3.dir/CheckFunctionExists.cxx.o
/usr/bin/c++   -DCHECK_FUNCTION_EXISTS=UnDecorateSymbolName -o CMakeFiles/cmTC_469d3.dir/CheckFunctionExists.cxx.o -c /mnt/c/Users/ndebe/Desktop/MscEng/aru_sil_core-feature-navigation-ros2_teach_repeat/glog/build/CMakeFiles/CheckLibraryExists/CheckFunctionExists.cxx
Linking CXX executable cmTC_469d3
/usr/bin/cmake -E cmake_link_script CMakeFiles/cmTC_469d3.dir/link.txt --verbose=1
/usr/bin/c++  -DCHECK_FUNCTION_EXISTS=UnDecorateSymbolName -rdynamic CMakeFiles/cmTC_469d3.dir/CheckFunctionExists.cxx.o -o cmTC_469d3  -ldbghelp 
/usr/bin/ld: cannot find -ldbghelp: No such file or directory
collect2: error: ld returned 1 exit status
gmake[1]: *** [CMakeFiles/cmTC_469d3.dir/build.make:99: cmTC_469d3] Error 1
gmake[1]: Leaving directory '/mnt/c/Users/ndebe/Desktop/MscEng/aru_sil_core-feature-navigation-ros2_teach_repeat/glog/build/CMakeFiles/CMakeTmp'
gmake: *** [Makefile:127: cmTC_469d3/fast] Error 2



Performing C++ SOURCE FILE Test HAVE___DECLSPEC failed with the following output:
Change Dir: /mnt/c/Users/ndebe/Desktop/MscEng/aru_sil_core-feature-navigation-ros2_teach_repeat/glog/build/CMakeFiles/CMakeTmp

Run Build Command(s):/usr/bin/gmake -f Makefile cmTC_6a337/fast && /usr/bin/gmake  -f CMakeFiles/cmTC_6a337.dir/build.make CMakeFiles/cmTC_6a337.dir/build
gmake[1]: Entering directory '/mnt/c/Users/ndebe/Desktop/MscEng/aru_sil_core-feature-navigation-ros2_teach_repeat/glog/build/CMakeFiles/CMakeTmp'
Building CXX object CMakeFiles/cmTC_6a337.dir/src.cxx.o
/usr/bin/c++ -DHAVE___DECLSPEC   -o CMakeFiles/cmTC_6a337.dir/src.cxx.o -c /mnt/c/Users/ndebe/Desktop/MscEng/aru_sil_core-feature-navigation-ros2_teach_repeat/glog/build/CMakeFiles/CMakeTmp/src.cxx
/mnt/c/Users/ndebe/Desktop/MscEng/aru_sil_core-feature-navigation-ros2_teach_repeat/glog/build/CMakeFiles/CMakeTmp/src.cxx:2:11: error: expected constructor, destructor, or type conversion before ‘(’ token
    2 | __declspec(selectany) int a;
      |           ^
gmake[1]: *** [CMakeFiles/cmTC_6a337.dir/build.make:78: CMakeFiles/cmTC_6a337.dir/src.cxx.o] Error 1
gmake[1]: Leaving directory '/mnt/c/Users/ndebe/Desktop/MscEng/aru_sil_core-feature-navigation-ros2_teach_repeat/glog/build/CMakeFiles/CMakeTmp'
gmake: *** [Makefile:127: cmTC_6a337/fast] Error 2


Source file was:

__declspec(selectany) int a;
int main(void) { return 0; }

Performing C++ SOURCE FILE Test STL_NO_NAMESPACE failed with the following output:
Change Dir: /mnt/c/Users/ndebe/Desktop/MscEng/aru_sil_core-feature-navigation-ros2_teach_repeat/glog/build/CMakeFiles/CMakeTmp

Run Build Command(s):/usr/bin/gmake -f Makefile cmTC_0d82a/fast && /usr/bin/gmake  -f CMakeFiles/cmTC_0d82a.dir/build.make CMakeFiles/cmTC_0d82a.dir/build
gmake[1]: Entering directory '/mnt/c/Users/ndebe/Desktop/MscEng/aru_sil_core-feature-navigation-ros2_teach_repeat/glog/build/CMakeFiles/CMakeTmp'
Building CXX object CMakeFiles/cmTC_0d82a.dir/src.cxx.o
/usr/bin/c++ -DSTL_NO_NAMESPACE   -o CMakeFiles/cmTC_0d82a.dir/src.cxx.o -c /mnt/c/Users/ndebe/Desktop/MscEng/aru_sil_core-feature-navigation-ros2_teach_repeat/glog/build/CMakeFiles/CMakeTmp/src.cxx
/mnt/c/Users/ndebe/Desktop/MscEng/aru_sil_core-feature-navigation-ros2_teach_repeat/glog/build/CMakeFiles/CMakeTmp/src.cxx:3:1: error: ‘vector’ does not name a type
    3 | vector<int> t; int main() { }
      | ^~~~~~
gmake[1]: *** [CMakeFiles/cmTC_0d82a.dir/build.make:78: CMakeFiles/cmTC_0d82a.dir/src.cxx.o] Error 1
gmake[1]: Leaving directory '/mnt/c/Users/ndebe/Desktop/MscEng/aru_sil_core-feature-navigation-ros2_teach_repeat/glog/build/CMakeFiles/CMakeTmp'
gmake: *** [Makefile:127: cmTC_0d82a/fast] Error 2


Source file was:

#include <vector>
vector<int> t; int main() { }

Performing C++ SOURCE FILE Test HAVE_MSVC_TLS failed with the following output:
Change Dir: /mnt/c/Users/ndebe/Desktop/MscEng/aru_sil_core-feature-navigation-ros2_teach_repeat/glog/build/CMakeFiles/CMakeTmp

Run Build Command(s):/usr/bin/gmake -f Makefile cmTC_27876/fast && /usr/bin/gmake  -f CMakeFiles/cmTC_27876.dir/build.make CMakeFiles/cmTC_27876.dir/build
gmake[1]: Entering directory '/mnt/c/Users/ndebe/Desktop/MscEng/aru_sil_core-feature-navigation-ros2_teach_repeat/glog/build/CMakeFiles/CMakeTmp'
Building CXX object CMakeFiles/cmTC_27876.dir/src.cxx.o
/usr/bin/c++ -DHAVE_MSVC_TLS   -o CMakeFiles/cmTC_27876.dir/src.cxx.o -c /mnt/c/Users/ndebe/Desktop/MscEng/aru_sil_core-feature-navigation-ros2_teach_repeat/glog/build/CMakeFiles/CMakeTmp/src.cxx
/mnt/c/Users/ndebe/Desktop/MscEng/aru_sil_core-feature-navigation-ros2_teach_repeat/glog/build/CMakeFiles/CMakeTmp/src.cxx:2:11: error: expected constructor, destructor, or type conversion before ‘(’ token
    2 | __declspec(thread) int tls;
      |           ^
gmake[1]: *** [CMakeFiles/cmTC_27876.dir/build.make:78: CMakeFiles/cmTC_27876.dir/src.cxx.o] Error 1
gmake[1]: Leaving directory '/mnt/c/Users/ndebe/Desktop/MscEng/aru_sil_core-feature-navigation-ros2_teach_repeat/glog/build/CMakeFiles/CMakeTmp'
gmake: *** [Makefile:127: cmTC_27876/fast] Error 2


Source file was:

__declspec(thread) int tls;
int main() { }

